<?xml version="1.0" encoding="UTF-8"?>
<!-- Generated by org.testng.reporters.JUnitXMLReporter -->
<testsuite hostname="DESKTOP-MMOQ00R" name="测试接口" tests="15" failures="1" timestamp="24 Dec 2019 14:07:37 GMT" time="4.61" errors="0">
  <testcase name="test" time="1.472" classname="cases.RegisterCase">
    <failure type="java.lang.AssertionError" message="expected [Pass] but found [Fail]">
      <![CDATA[java.lang.AssertionError: expected [Pass] but found [Fail]
	at cases.BaseCase.test(BaseCase.java:109)
	at cases.RegisterCase.test(RegisterCase.java:25)
... Removed 33 stack frames]]>
    </failure>
  </testcase> <!-- test -->
  <testcase name="test" time="0.088" classname="cases.RegisterCase"/>
  <testcase name="test" time="0.077" classname="cases.RegisterCase"/>
  <testcase name="test" time="0.077" classname="cases.RegisterCase"/>
  <testcase name="test" time="0.072" classname="cases.RegisterCase"/>
  <testcase name="test" time="0.078" classname="cases.RegisterCase"/>
  <testcase name="test" time="0.074" classname="cases.LoginCase"/>
  <testcase name="test" time="0.07" classname="cases.LoginCase"/>
  <testcase name="test" time="0.192" classname="cases.LoginCase"/>
  <testcase name="test" time="0.196" classname="cases.LoginCase"/>
  <testcase name="test" time="0.197" classname="cases.LoginCase"/>
  <testcase name="test" time="0.081" classname="cases.ConfiguresCase"/>
  <testcase name="test" time="0.245" classname="cases.ProjectsListCase"/>
  <testcase name="test" time="0.082" classname="cases.AddProjectsCase"/>
  <testcase name="test" time="0.074" classname="cases.AddProjectsCase"/>
</testsuite> <!-- 测试接口 -->
