<?xml version="1.0" encoding="UTF-8"?>
<testsuite xmlns:xsi="http://www.w3.org/2001/XMLSchema-instance" xsi:noNamespaceSchemaLocation="https://maven.apache.org/surefire/maven-surefire-plugin/xsd/surefire-test-report.xsd" name="TestSuite" time="7.453" tests="15" errors="0" skipped="0" failures="1">
  <properties>
[...]
</properties>
  <testcase name="test" classname="cases.RegisterCase" time="1.483">
    <failure message="expected [Pass] but found [Fail]" type="java.lang.AssertionError">java.lang.AssertionError: expected [Pass] but found [Fail]
	at cases.RegisterCase.test(RegisterCase.java:25)
</failure>
    <system-out><![CDATA[[INFO] 2019-12-24 22:07:34 method: org.hibernate.validator.internal.util.Version.<clinit>(Version.java:30)----HV000001: Hibernate Validator 5.2.4.Final
[INFO] 2019-12-24 22:07:34 method: cases.BaseCase.test(BaseCase.java:54)----======================参数化替换======================http://api.keyou.site:8000/user/register/
[INFO] 2019-12-24 22:07:34 method: cases.BaseCase.test(BaseCase.java:57)----替换后的参数：{"username":"15204144473","email":"15708367211@qq.cpm","password":"12345678","password_confirm":"12345678"}
[INFO] 2019-12-24 22:07:34 method: cases.BaseCase.test(BaseCase.java:58)----sql校验：null
[INFO] 2019-12-24 22:07:34 method: utils.HttpUtils.testPostJson(HttpUtils.java:225)----token：null
[INFO] 2019-12-24 22:07:36 method: utils.HttpUtils.testPostJson(HttpUtils.java:250)----请求头：[Server: nginx/1.16.1, Date: Tue, 24 Dec 2019 14:07:35 GMT, Content-Type: application/json, Content-Length: 242, Connection: keep-alive, Vary: Accept, Origin, Cookie, Allow: POST, OPTIONS, X-Frame-Options: SAMEORIGIN]
[INFO] 2019-12-24 22:07:36 method: utils.HttpUtils.testPostJson(HttpUtils.java:251)----请求参数：{"username":"15204144473","email":"15708367211@qq.cpm","password":"12345678","password_confirm":"12345678"}
[INFO] 2019-12-24 22:07:36 method: utils.HttpUtils.testPostJson(HttpUtils.java:252)----状态码：201
[INFO] 2019-12-24 22:07:36 method: utils.HttpUtils.testPostJson(HttpUtils.java:253)----响应体：{"id":377,"username":"15204144473","token":"eyJ0eXAiOiJKV1QiLCJhbGciOiJIUzI1NiJ9.eyJ1c2VyX2lkIjozNzcsInVzZXJuYW1lIjoiMTUyMDQxNDQ0NzMiLCJleHAiOjE1NzcyODI4NTUsImVtYWlsIjoiMTU3MDgzNjcyMTFAcXEuY3BtIn0.pXiQnUEsYpoDh9tpFyerANJtNLl7OJeYS9cSs0Kcy2c"}
[INFO] 2019-12-24 22:07:36 method: cases.BaseCase.assertResponseData_aroundBody0(BaseCase.java:163)----实际值：15204144473 | 期望值：[{"value":"${toBeRegisterUsername}","expression":"$.username"}]断言结果：false
[INFO] 2019-12-24 22:07:36 method: cases.BaseCase.test(BaseCase.java:86)----响应断言：false
[INFO] 2019-12-24 22:07:36 method: cases.BaseCase.test(BaseCase.java:100)----结果断言：Fail
]]></system-out>
    <system-err><![CDATA[SLF4J: The requested version 1.7.16 by your slf4j binding is not compatible with [1.6]
SLF4J: See http://www.slf4j.org/codes.html#version_mismatch for further details.
]]></system-err>
  </testcase>
  <testcase name="test" classname="cases.RegisterCase" time="0.1"/>
  <testcase name="test" classname="cases.RegisterCase" time="0.083"/>
  <testcase name="test" classname="cases.RegisterCase" time="0.073"/>
  <testcase name="test" classname="cases.RegisterCase" time="0.075"/>
  <testcase name="test" classname="cases.RegisterCase" time="0.071"/>
  <testcase name="test" classname="cases.LoginCase" time="0.08"/>
  <testcase name="test" classname="cases.LoginCase" time="0.07"/>
  <testcase name="test" classname="cases.LoginCase" time="0.196"/>
  <testcase name="test" classname="cases.LoginCase" time="0.199"/>
  <testcase name="test" classname="cases.LoginCase" time="0.197"/>
  <testcase name="test" classname="cases.ConfiguresCase" time="0.084"/>
  <testcase name="test" classname="cases.ProjectsListCase" time="0.277"/>
  <testcase name="test" classname="cases.AddProjectsCase" time="0.056"/>
  <testcase name="test" classname="cases.AddProjectsCase" time="0.072"/>
</testsuite>