<?xml version="1.0" encoding="UTF-8"?>
<!-- Generated by org.testng.reporters.JUnitXMLReporter -->
<testsuite hostname="DESKTOP-MMOQ00R" name="测试接口" tests="15" failures="2" timestamp="23 Dec 2019 17:31:39 GMT" time="4.173" errors="0">
  <testcase name="test" time="1.338" classname="cases.RegisterCase">
    <failure type="java.lang.AssertionError" message="expected [Pass] but found [Fail]">
      <![CDATA[java.lang.AssertionError: expected [Pass] but found [Fail]
	at cases.BaseCase.test(BaseCase.java:109)
	at cases.RegisterCase.test(RegisterCase.java:25)
... Removed 29 stack frames]]>
    </failure>
  </testcase> <!-- test -->
  <testcase name="test" time="0.078" classname="cases.RegisterCase"/>
  <testcase name="test" time="0.074" classname="cases.RegisterCase"/>
  <testcase name="test" time="0.075" classname="cases.RegisterCase"/>
  <testcase name="test" time="0.073" classname="cases.RegisterCase"/>
  <testcase name="test" time="0.071" classname="cases.RegisterCase"/>
  <testcase name="test" time="0.069" classname="cases.LoginCase"/>
  <testcase name="test" time="0.069" classname="cases.LoginCase"/>
  <testcase name="test" time="0.209" classname="cases.LoginCase"/>
  <testcase name="test" time="0.193" classname="cases.LoginCase"/>
  <testcase name="test" time="0.193" classname="cases.LoginCase"/>
  <testcase name="test" time="0.083" classname="cases.ConfiguresCase">
    <failure type="java.lang.NullPointerException">
      <![CDATA[java.lang.NullPointerException
	at cases.BaseCase.assertResponseData_aroundBody0(BaseCase.java:162)
	at cases.BaseCase$AjcClosure1.run(BaseCase.java:1)
	at io.qameta.allure.aspects.StepsAspects.step(StepsAspects.java:51)
	at cases.BaseCase.assertResponseData(BaseCase.java:151)
	at cases.BaseCase.test(BaseCase.java:85)
	at cases.ConfiguresCase.test(ConfiguresCase.java:27)
... Removed 25 stack frames]]>
    </failure>
  </testcase> <!-- test -->
  <testcase name="test" time="0.241" classname="cases.ProjectsListCase"/>
  <testcase name="test" time="0.082" classname="cases.AddProjectsCase"/>
  <testcase name="test" time="0.072" classname="cases.AddProjectsCase"/>
</testsuite> <!-- 测试接口 -->
